Arguments: 
  /home/yoshinori/.ndenv/versions/v15.11.0/bin/node /home/yoshinori/.ndenv/versions/v15.11.0/bin/yarn add --dev @types/readline

PATH: 
  /home/yoshinori/program/c_c++/MakeFile_Base:/home/yoshinori/.ndenv/versions/v15.11.0/bin:/home/yoshinori/.ndenv/bin/:/home/yoshinori/program/MakeFile_Base:/usr/local/bin:/usr/bin:/usr/local/sbin:/usr/sbin:/home/yoshinori/bin

Yarn version: 
  1.22.10

Node version: 
  15.11.0

Platform: 
  linux x64

Trace: 
  Error: https://registry.yarnpkg.com/@types%2freadline: Not found
      at Request.params.callback [as _callback] (/home/yoshinori/.ndenv/versions/v15.11.0/lib/node_modules/yarn/lib/cli.js:66988:18)
      at Request.self.callback (/home/yoshinori/.ndenv/versions/v15.11.0/lib/node_modules/yarn/lib/cli.js:140662:22)
      at Request.emit (node:events:378:20)
      at Request.<anonymous> (/home/yoshinori/.ndenv/versions/v15.11.0/lib/node_modules/yarn/lib/cli.js:141634:10)
      at Request.emit (node:events:378:20)
      at IncomingMessage.<anonymous> (/home/yoshinori/.ndenv/versions/v15.11.0/lib/node_modules/yarn/lib/cli.js:141556:12)
      at Object.onceWrapper (node:events:484:28)
      at IncomingMessage.emit (node:events:390:22)
      at endReadableNT (node:internal/streams/readable:1307:12)
      at processTicksAndRejections (node:internal/process/task_queues:81:21)

npm manifest: 
  {
    "devDependencies": {
      "@types/node": "^16.9.1",
      "fs": "^0.0.1-security",
      "readline": "^1.3.0"
    }
  }

yarn manifest: 
  No manifest

Lockfile: 
  # THIS IS AN AUTOGENERATED FILE. DO NOT EDIT THIS FILE DIRECTLY.
  # yarn lockfile v1
  
  
  "@types/node@^16.9.1":
    version "16.9.1"
    resolved "https://registry.yarnpkg.com/@types/node/-/node-16.9.1.tgz#0611b37db4246c937feef529ddcc018cf8e35708"
    integrity sha512-QpLcX9ZSsq3YYUUnD3nFDY8H7wctAhQj/TFKL8Ya8v5fMm3CFXxo8zStsLAl780ltoYoo1WvKUVGBQK+1ifr7g==
  
  fs@^0.0.1-security:
    version "0.0.1-security"
    resolved "https://registry.yarnpkg.com/fs/-/fs-0.0.1-security.tgz#8a7bd37186b6dddf3813f23858b57ecaaf5e41d4"
    integrity sha1-invTcYa23d84E/I4WLV+yq9eQdQ=
  
  readline@^1.3.0:
    version "1.3.0"
    resolved "https://registry.yarnpkg.com/readline/-/readline-1.3.0.tgz#c580d77ef2cfc8752b132498060dc9793a7ac01c"
    integrity sha1-xYDXfvLPyHUrEySYBg3JeTp6wBw=
